2025-07-15 07:37:20.798 [main] INFO  stringutils.SpecialWordCounter - Application started.
2025-07-15 07:37:20.830 [main] INFO  stringutils.SpecialWordCounter - Reading input file: C:\Users\UA\Downloads\Logistic\target\classes\input.txt
2025-07-15 07:37:21.236 [main] INFO  stringutils.SpecialWordCounter - Result saved to file: C:\Users\UA\Downloads\Logistic\src\main\resources\results.txt
2025-07-15 07:37:21.236 [main] INFO  stringutils.SpecialWordCounter - Special words count: 23
2025-07-15 07:37:21.236 [main] INFO  stringutils.SpecialWordCounter - Application finished.
2025-07-15 07:38:32.434 [main] INFO  stringutils.SpecialWordCounter - Application started.
2025-07-15 07:38:32.450 [main] INFO  stringutils.SpecialWordCounter - Reading input file: C:\Users\UA\Downloads\Logistic\target\classes\input.txt
2025-07-15 07:38:32.793 [main] INFO  stringutils.SpecialWordCounter - Result saved to file: C:\Users\UA\Downloads\Logistic\src\main\resources\results.txt
2025-07-15 07:38:32.793 [main] INFO  stringutils.SpecialWordCounter - Special words count: 23
2025-07-15 07:38:32.793 [main] INFO  stringutils.SpecialWordCounter - Application finished.
2025-07-15 07:40:19.593 [main] INFO  stringutils.SpecialWordCounter - Application started.
2025-07-15 07:40:19.609 [main] INFO  stringutils.SpecialWordCounter - Reading input file: C:\Users\UA\Downloads\Logistic\target\classes\input.txt
2025-07-15 07:40:19.734 [main] INFO  stringutils.SpecialWordCounter - Result saved to file: C:\Users\UA\Downloads\Logistic\src\main\resources\results.txt
2025-07-15 07:40:19.734 [main] INFO  stringutils.SpecialWordCounter - Special words count: 23
2025-07-15 07:40:19.734 [main] INFO  stringutils.SpecialWordCounter - Application finished.
2025-07-15 07:40:37.408 [main] INFO  stringutils.SpecialWordCounter - Application started.
2025-07-15 07:40:37.439 [main] INFO  stringutils.SpecialWordCounter - Reading input file: C:\Users\UA\Downloads\Logistic\target\classes\input.txt
2025-07-15 07:40:37.533 [main] INFO  stringutils.SpecialWordCounter - Result saved to file: C:\Users\UA\Downloads\Logistic\src\main\resources\results.txt
2025-07-15 07:40:37.533 [main] INFO  stringutils.SpecialWordCounter - Special words count: 23
2025-07-15 07:40:37.533 [main] INFO  stringutils.SpecialWordCounter - Application finished.
2025-07-15 07:48:16.311 [main] INFO  stringutils.SpecialWordCounter - Application started.
2025-07-15 07:48:16.608 [main] INFO  stringutils.SpecialWordCounter - Reading input file: C:\Users\UA\Downloads\Logistic\target\classes\input.txt
2025-07-15 07:48:17.389 [main] INFO  stringutils.SpecialWordCounter - Result saved to file: C:\Users\UA\Downloads\Logistic\src\main\resources\output.txt
2025-07-15 07:48:17.389 [main] INFO  stringutils.SpecialWordCounter - Special words count: 23
2025-07-15 07:48:17.389 [main] INFO  stringutils.SpecialWordCounter - Application finished.
2025-07-15 07:48:56.115 [main] INFO  stringutils.SpecialWordCounter - Application started.
2025-07-15 07:48:56.130 [main] INFO  stringutils.SpecialWordCounter - Reading input file: C:\Users\UA\Downloads\Logistic\target\classes\input.txt
2025-07-15 07:48:56.224 [main] INFO  stringutils.SpecialWordCounter - Result saved to file: C:\Users\UA\Downloads\Logistic\src\main\resources\output.txt
2025-07-15 07:48:56.240 [main] INFO  stringutils.SpecialWordCounter - Special words count: 23
2025-07-15 07:48:56.240 [main] INFO  stringutils.SpecialWordCounter - Application finished.
